<?xml version="1.0" encoding="UTF-8"?>
<!-- Generated by org.testng.reporters.JUnitXMLReporter -->
<testsuite ignored="4" hostname="TISED-073" failures="0" tests="1" name="Default test" time="29.783" errors="0" timestamp="2024-10-03T17:37:00 IST">
  <testcase classname="testcases.HomeTest" name="verifyNotificationiconanddisplay" time="17.84"/>
  <testcase classname="testcases.HomeTest" name="verifyUserNameCurrencyTypeAndValue" time="0.0">
    <ignored/>
  </testcase> <!-- verifyUserNameCurrencyTypeAndValue -->
  <testcase classname="testcases.HomeTest" name="verifySideMenuAndLogo" time="0.0">
    <ignored/>
  </testcase> <!-- verifySideMenuAndLogo -->
  <testcase classname="testcases.HomeTest" name="verifyHomePageNavigation" time="0.0">
    <ignored/>
  </testcase> <!-- verifyHomePageNavigation -->
  <testcase classname="testcases.HomeTest" name="verifySideMenuShoworHide" time="0.0">
    <ignored/>
  </testcase> <!-- verifySideMenuShoworHide -->
</testsuite> <!-- Default test -->
