<?xml version="1.0" encoding="UTF-8"?>
<!-- Generated by org.testng.reporters.JUnitXMLReporter -->
<testsuite ignored="5" hostname="TISED-073" failures="0" tests="1" name="Default test" time="36.416" errors="0" timestamp="2024-10-15T19:46:01 IST">
  <testcase classname="testcases.DepositsTest" name="verifyTableHeader" time="20.53"/>
  <testcase classname="testcases.DepositsTest" name="verifyiiconvisibility" time="0.0">
    <ignored/>
  </testcase> <!-- verifyiiconvisibility -->
  <testcase classname="testcases.DepositsTest" name="verifynavigatetodepositsMenu" time="0.0">
    <ignored/>
  </testcase> <!-- verifynavigatetodepositsMenu -->
  <testcase classname="testcases.DepositsTest" name="verifyCopytoClipboardFunctionality" time="0.0">
    <ignored/>
  </testcase> <!-- verifyCopytoClipboardFunctionality -->
  <testcase classname="testcases.DepositsTest" name="verifyDateTimeFormat" time="0.0">
    <ignored/>
  </testcase> <!-- verifyDateTimeFormat -->
  <testcase classname="testcases.DepositsTest" name="verifyDepositDetails" time="0.0">
    <ignored/>
  </testcase> <!-- verifyDepositDetails -->
</testsuite> <!-- Default test -->
