<?xml version="1.0" encoding="UTF-8"?>
<testng-results ignored="0" total="2" passed="2" failed="0" skipped="0">
  <reporter-output>
  </reporter-output>
  <suite started-at="2024-09-30T18:01:49 IST" name="Default suite" finished-at="2024-09-30T18:02:33 IST" duration-ms="44452">
    <groups>
    </groups>
    <test started-at="2024-09-30T18:01:49 IST" name="Default test" finished-at="2024-09-30T18:02:33 IST" duration-ms="44452">
      <class name="testcases.LogoutTest">
        <test-method is-config="true" signature="setUp()[pri:0, instance:testcases.LogoutTest@64da2a7]" started-at="2024-09-30T18:01:49 IST" name="setUp" finished-at="2024-09-30T18:01:54 IST" duration-ms="5530" status="PASS">
          <reporter-output>
          </reporter-output>
        </test-method> <!-- setUp -->
        <test-method signature="verifyInvestorLogoutAction()[pri:1, instance:testcases.LogoutTest@64da2a7]" started-at="2024-09-30T18:01:54 IST" name="verifyInvestorLogoutAction" description="Verify Logout Button Functionality" finished-at="2024-09-30T18:02:08 IST" duration-ms="13923" status="PASS">
          <reporter-output>
          </reporter-output>
        </test-method> <!-- verifyInvestorLogoutAction -->
        <test-method is-config="true" signature="tearDown()[pri:0, instance:testcases.LogoutTest@64da2a7]" started-at="2024-09-30T18:02:08 IST" name="tearDown" finished-at="2024-09-30T18:02:12 IST" duration-ms="3226" status="PASS">
          <reporter-output>
          </reporter-output>
        </test-method> <!-- tearDown -->
        <test-method is-config="true" signature="setUp()[pri:0, instance:testcases.LogoutTest@64da2a7]" started-at="2024-09-30T18:02:12 IST" name="setUp" finished-at="2024-09-30T18:02:16 IST" duration-ms="4802" status="PASS">
          <reporter-output>
          </reporter-output>
        </test-method> <!-- setUp -->
        <test-method signature="verifyInvestorGoHomeAction()[pri:2, instance:testcases.LogoutTest@64da2a7]" started-at="2024-09-30T18:02:16 IST" name="verifyInvestorGoHomeAction" description="Verify GoHome Button Functionality" finished-at="2024-09-30T18:02:30 IST" duration-ms="13786" status="PASS">
          <reporter-output>
          </reporter-output>
        </test-method> <!-- verifyInvestorGoHomeAction -->
        <test-method is-config="true" signature="tearDown()[pri:0, instance:testcases.LogoutTest@64da2a7]" started-at="2024-09-30T18:02:30 IST" name="tearDown" finished-at="2024-09-30T18:02:33 IST" duration-ms="3139" status="PASS">
          <reporter-output>
          </reporter-output>
        </test-method> <!-- tearDown -->
      </class> <!-- testcases.LogoutTest -->
    </test> <!-- Default test -->
  </suite> <!-- Default suite -->
</testng-results>
