<?xml version="1.0" encoding="UTF-8"?>
<testng-results ignored="0" total="1" passed="1" failed="0" skipped="0">
  <reporter-output>
  </reporter-output>
  <suite started-at="2024-10-15T19:45:24 IST" name="Default suite" finished-at="2024-10-15T19:46:01 IST" duration-ms="36416">
    <groups>
    </groups>
    <test started-at="2024-10-15T19:45:24 IST" name="Default test" finished-at="2024-10-15T19:46:01 IST" duration-ms="36416">
      <class name="testcases.DepositsTest">
        <test-method is-config="true" signature="setUp()[pri:0, instance:testcases.DepositsTest@62417a16]" started-at="2024-10-15T19:45:24 IST" name="setUp" finished-at="2024-10-15T19:45:37 IST" duration-ms="12627" status="PASS">
          <reporter-output>
          </reporter-output>
        </test-method> <!-- setUp -->
        <test-method signature="verifyTableHeader()[pri:8, instance:testcases.DepositsTest@62417a16]" started-at="2024-10-15T19:45:37 IST" name="verifyTableHeader" description="Verify Table Header on the Deposits Page" finished-at="2024-10-15T19:45:58 IST" duration-ms="20530" status="PASS">
          <reporter-output>
          </reporter-output>
        </test-method> <!-- verifyTableHeader -->
        <test-method is-config="true" signature="tearDown()[pri:0, instance:testcases.DepositsTest@62417a16]" started-at="2024-10-15T19:45:58 IST" name="tearDown" finished-at="2024-10-15T19:46:01 IST" duration-ms="3220" status="PASS">
          <reporter-output>
          </reporter-output>
        </test-method> <!-- tearDown -->
      </class> <!-- testcases.DepositsTest -->
    </test> <!-- Default test -->
  </suite> <!-- Default suite -->
</testng-results>
